Normal Score Transform:nscore.dat                              
 2
value                                   
NS:value                                   
0.14878685252229767      -.57007
0.30305666929712555      1.88951
0.225075354074127       .75378
0.12906443119916636      -.89171
0.19381646157670468       .14799
0.138792391474414      -.75378
0.2333428258458115       .89171
0.19178191067107225       .04917
0.17367304534446087      -.19788
0.20792086487857867       .35113
0.15063750014072658      -.51315
0.2075526208359986       .29931
0.24603745536846708      1.13852
0.2726896783092979      1.65443
0.19226196848749905       .09846
0.14417348184032802      -.62890
0.16974816220756284      -.24828
0.31301400938974544      2.33377
0.1788971762290654      -.09846
0.09880055502128444     -1.13852
0.1261556401334368      -.96742
0.2137107904199792       .51315
0.16811658668867868      -.29931
0.07871155956096462     -1.48609
0.12463141836341594     -1.04913
0.20989476025082918       .40392
0.1800090469503568      -.04917
0.15153787952815623      -.45785
0.20133582581287668       .19788
0.2193815458678865       .62890
0.24168031604497087      1.04913
0.14039235101387654      -.69000
0.22011417267482536       .69000
0.09131488322636903     -1.23808
0.24843680433082527      1.23808
0.2541245034385085      1.35170
0.25700633678806567      1.48609
0.23657103990921044       .96742
0.07652470925165608     -1.65443
0.20424333336983444       .24828
0.2149244776585739       .57007
0.21118473293407442       .45785
0.18437980907308       .00000
0.15468258286611175      -.40392
0.17590644488815405      -.14799
0.058925821607730786     -2.33377
0.23023326780040299       .82079
0.07314123901044707     -1.88951
0.16797262068410151      -.35113
0.13687427497420676      -.82079
0.08635729363564605     -1.35170
